[debug] [2025-11-23T10:04:53.474Z] ----------------------------------------------------------------------
[debug] [2025-11-23T10:04:53.483Z] Command:       C:\Program Files\nodejs\node.exe C:\Users\kymbo\AppData\Roaming\npm\node_modules\firebase-tools\lib\bin\firebase.js init
[debug] [2025-11-23T10:04:53.483Z] CLI Version:   14.25.0
[debug] [2025-11-23T10:04:53.483Z] Platform:      win32
[debug] [2025-11-23T10:04:53.483Z] Node Version:  v24.11.1
[debug] [2025-11-23T10:04:53.483Z] Time:          Sun Nov 23 2025 18:04:53 GMT+0800 (Philippine Standard Time)
[debug] [2025-11-23T10:04:53.483Z] ----------------------------------------------------------------------
[debug] 
[debug] [2025-11-23T10:04:53.485Z] >>> [apiv2][query] GET https://firebase-public.firebaseio.com/cli.json [none]
[info] 
     ######## #### ########  ######## ########     ###     ######  ########
     ##        ##  ##     ## ##       ##     ##  ##   ##  ##       ##
     ######    ##  ########  ######   ########  #########  ######  ######
     ##        ##  ##    ##  ##       ##     ## ##     ##       ## ##
     ##       #### ##     ## ######## ########  ##     ##  ######  ########

You're about to initialize a Firebase project in this directory:

  C:\mitchKoko

Before we get started, keep in mind:

  * You are currently outside your home directory

[debug] [2025-11-23T10:04:54.096Z] <<< [apiv2][status] GET https://firebase-public.firebaseio.com/cli.json 200
[debug] [2025-11-23T10:04:54.096Z] <<< [apiv2][body] GET https://firebase-public.firebaseio.com/cli.json {"cloudBuildErrorAfter":1594252800000,"cloudBuildWarnAfter":1590019200000,"defaultNode10After":1594252800000,"minVersion":"3.0.5","node8DeploysDisabledAfter":1613390400000,"node8RuntimeDisabledAfter":1615809600000,"node8WarnAfter":1600128000000}
